#! /usr/bin/vvp
:ivl_version "12.0 (stable)";
:ivl_delay_selection "TYPICAL";
:vpi_time_precision - 12;
:vpi_module "/usr/lib/x86_64-linux-gnu/ivl/system.vpi";
:vpi_module "/usr/lib/x86_64-linux-gnu/ivl/vhdl_sys.vpi";
:vpi_module "/usr/lib/x86_64-linux-gnu/ivl/vhdl_textio.vpi";
:vpi_module "/usr/lib/x86_64-linux-gnu/ivl/v2005_math.vpi";
:vpi_module "/usr/lib/x86_64-linux-gnu/ivl/va_math.vpi";
S_0x55666339b490 .scope module, "ALU_tb" "ALU_tb" 2 3;
 .timescale -9 -12;
v0x5566633f0780_0 .var "A", 31 0;
v0x5566633f0860_0 .var "ALUControl", 3 0;
v0x5566633f0900_0 .var "B", 31 0;
v0x5566633f0a00_0 .net "Result", 31 0, v0x5566633f0410_0;  1 drivers
v0x5566633f0ad0_0 .net "Zero", 0 0, L_0x556663400c30;  1 drivers
S_0x55666339b620 .scope module, "uut" "ALU" 2 12, 3 3 0, S_0x55666339b490;
 .timescale -9 -12;
    .port_info 0 /INPUT 32 "A";
    .port_info 1 /INPUT 32 "B";
    .port_info 2 /INPUT 4 "ALUControl";
    .port_info 3 /OUTPUT 32 "Result";
    .port_info 4 /OUTPUT 1 "Zero";
v0x55666339b820_0 .net "A", 31 0, v0x5566633f0780_0;  1 drivers
v0x5566633f0270_0 .net "ALUControl", 3 0, v0x5566633f0860_0;  1 drivers
v0x5566633f0350_0 .net "B", 31 0, v0x5566633f0900_0;  1 drivers
v0x5566633f0410_0 .var "Result", 31 0;
v0x5566633f04f0_0 .net "Zero", 0 0, L_0x556663400c30;  alias, 1 drivers
L_0x7f1e22950018 .functor BUFT 1, C4<00000000000000000000000000000000>, C4<0>, C4<0>, C4<0>;
v0x5566633f0600_0 .net/2u *"_ivl_0", 31 0, L_0x7f1e22950018;  1 drivers
E_0x5566633dab10 .event anyedge, v0x5566633f0270_0, v0x55666339b820_0, v0x5566633f0350_0;
L_0x556663400c30 .cmp/eq 32, v0x5566633f0410_0, L_0x7f1e22950018;
    .scope S_0x55666339b620;
T_0 ;
    %wait E_0x5566633dab10;
    %load/vec4 v0x5566633f0270_0;
    %dup/vec4;
    %pushi/vec4 2, 0, 4;
    %cmp/u;
    %jmp/1 T_0.0, 6;
    %dup/vec4;
    %pushi/vec4 6, 0, 4;
    %cmp/u;
    %jmp/1 T_0.1, 6;
    %dup/vec4;
    %pushi/vec4 0, 0, 4;
    %cmp/u;
    %jmp/1 T_0.2, 6;
    %dup/vec4;
    %pushi/vec4 1, 0, 4;
    %cmp/u;
    %jmp/1 T_0.3, 6;
    %pushi/vec4 0, 0, 32;
    %store/vec4 v0x5566633f0410_0, 0, 32;
    %jmp T_0.5;
T_0.0 ;
    %load/vec4 v0x55666339b820_0;
    %load/vec4 v0x5566633f0350_0;
    %add;
    %store/vec4 v0x5566633f0410_0, 0, 32;
    %jmp T_0.5;
T_0.1 ;
    %load/vec4 v0x55666339b820_0;
    %load/vec4 v0x5566633f0350_0;
    %sub;
    %store/vec4 v0x5566633f0410_0, 0, 32;
    %jmp T_0.5;
T_0.2 ;
    %load/vec4 v0x55666339b820_0;
    %load/vec4 v0x5566633f0350_0;
    %and;
    %store/vec4 v0x5566633f0410_0, 0, 32;
    %jmp T_0.5;
T_0.3 ;
    %load/vec4 v0x55666339b820_0;
    %load/vec4 v0x5566633f0350_0;
    %or;
    %store/vec4 v0x5566633f0410_0, 0, 32;
    %jmp T_0.5;
T_0.5 ;
    %pop/vec4 1;
    %jmp T_0;
    .thread T_0, $push;
    .scope S_0x55666339b490;
T_1 ;
    %vpi_call 2 23 "$dumpfile", "ALU_waveform.vcd" {0 0 0};
    %vpi_call 2 24 "$dumpvars", 32'sb00000000000000000000000000000000, S_0x55666339b490 {0 0 0};
    %vpi_call 2 27 "$monitor", "Time = %0t | A = %h | B = %h | ALUControl = %b | Result = %h | Zero = %b", $time, v0x5566633f0780_0, v0x5566633f0900_0, v0x5566633f0860_0, v0x5566633f0a00_0, v0x5566633f0ad0_0 {0 0 0};
    %pushi/vec4 16, 0, 32;
    %store/vec4 v0x5566633f0780_0, 0, 32;
    %pushi/vec4 32, 0, 32;
    %store/vec4 v0x5566633f0900_0, 0, 32;
    %pushi/vec4 2, 0, 4;
    %store/vec4 v0x5566633f0860_0, 0, 4;
    %delay 10000, 0;
    %pushi/vec4 48, 0, 32;
    %store/vec4 v0x5566633f0780_0, 0, 32;
    %pushi/vec4 16, 0, 32;
    %store/vec4 v0x5566633f0900_0, 0, 32;
    %pushi/vec4 6, 0, 4;
    %store/vec4 v0x5566633f0860_0, 0, 4;
    %delay 10000, 0;
    %pushi/vec4 4042322160, 0, 32;
    %store/vec4 v0x5566633f0780_0, 0, 32;
    %pushi/vec4 252645135, 0, 32;
    %store/vec4 v0x5566633f0900_0, 0, 32;
    %pushi/vec4 0, 0, 4;
    %store/vec4 v0x5566633f0860_0, 0, 4;
    %delay 10000, 0;
    %pushi/vec4 4042322160, 0, 32;
    %store/vec4 v0x5566633f0780_0, 0, 32;
    %pushi/vec4 252645135, 0, 32;
    %store/vec4 v0x5566633f0900_0, 0, 32;
    %pushi/vec4 1, 0, 4;
    %store/vec4 v0x5566633f0860_0, 0, 4;
    %delay 10000, 0;
    %pushi/vec4 4042322160, 0, 32;
    %store/vec4 v0x5566633f0780_0, 0, 32;
    %pushi/vec4 252645135, 0, 32;
    %store/vec4 v0x5566633f0900_0, 0, 32;
    %pushi/vec4 3, 0, 4;
    %store/vec4 v0x5566633f0860_0, 0, 4;
    %delay 10000, 0;
    %pushi/vec4 1, 0, 32;
    %store/vec4 v0x5566633f0780_0, 0, 32;
    %pushi/vec4 2, 0, 32;
    %store/vec4 v0x5566633f0900_0, 0, 32;
    %pushi/vec4 8, 0, 4;
    %store/vec4 v0x5566633f0860_0, 0, 4;
    %delay 10000, 0;
    %pushi/vec4 16, 0, 32;
    %store/vec4 v0x5566633f0780_0, 0, 32;
    %pushi/vec4 2, 0, 32;
    %store/vec4 v0x5566633f0900_0, 0, 32;
    %pushi/vec4 9, 0, 4;
    %store/vec4 v0x5566633f0860_0, 0, 4;
    %delay 10000, 0;
    %pushi/vec4 4026531840, 0, 32;
    %store/vec4 v0x5566633f0780_0, 0, 32;
    %pushi/vec4 4, 0, 32;
    %store/vec4 v0x5566633f0900_0, 0, 32;
    %pushi/vec4 10, 0, 4;
    %store/vec4 v0x5566633f0860_0, 0, 4;
    %delay 10000, 0;
    %pushi/vec4 1, 0, 32;
    %store/vec4 v0x5566633f0780_0, 0, 32;
    %pushi/vec4 1, 0, 32;
    %store/vec4 v0x5566633f0900_0, 0, 32;
    %pushi/vec4 15, 0, 4;
    %store/vec4 v0x5566633f0860_0, 0, 4;
    %delay 10000, 0;
    %vpi_call 2 85 "$stop" {0 0 0};
    %end;
    .thread T_1;
# The file index is used to find the file name in the following table.
:file_names 4;
    "N/A";
    "<interactive>";
    "ALU_tb-2.v";
    "ALU.v";
