#! /c/Source/iverilog-install/bin/vvp
:ivl_version "12.0 (devel)" "(s20150603-1539-g2693dd32b)";
:ivl_delay_selection "TYPICAL";
:vpi_time_precision - 12;
:vpi_module "C:\iverilog\lib\ivl\system.vpi";
:vpi_module "C:\iverilog\lib\ivl\vhdl_sys.vpi";
:vpi_module "C:\iverilog\lib\ivl\vhdl_textio.vpi";
:vpi_module "C:\iverilog\lib\ivl\v2005_math.vpi";
:vpi_module "C:\iverilog\lib\ivl\va_math.vpi";
S_000002c54371cb10 .scope module, "ALU_tb" "ALU_tb" 2 3;
 .timescale -9 -12;
v000002c54371bb80_0 .var "A", 31 0;
v000002c54371bc20_0 .var "ALUControl", 3 0;
v000002c54371bcc0_0 .var "B", 31 0;
v000002c54371bd60_0 .net "Result", 31 0, v000002c54371ced0_0;  1 drivers
v000002c54371be00_0 .net "Zero", 0 0, L_000002c54371bea0;  1 drivers
S_000002c54371cca0 .scope module, "alu" "ALU" 2 12, 3 1 0, S_000002c54371cb10;
 .timescale 0 0;
    .port_info 0 /INPUT 32 "A";
    .port_info 1 /INPUT 32 "B";
    .port_info 2 /INPUT 4 "ALUControl";
    .port_info 3 /OUTPUT 32 "Result";
    .port_info 4 /OUTPUT 1 "Zero";
v000002c543716c30_0 .net "A", 31 0, v000002c54371bb80_0;  1 drivers
v000002c5439d7680_0 .net "ALUControl", 3 0, v000002c54371bc20_0;  1 drivers
v000002c54371ce30_0 .net "B", 31 0, v000002c54371bcc0_0;  1 drivers
v000002c54371ced0_0 .var "Result", 31 0;
v000002c54371ba40_0 .net "Zero", 0 0, L_000002c54371bea0;  alias, 1 drivers
L_000002c543a3a858 .functor BUFT 1, C4<00000000000000000000000000000000>, C4<0>, C4<0>, C4<0>;
v000002c54371bae0_0 .net/2u *"_ivl_0", 31 0, L_000002c543a3a858;  1 drivers
E_000002c5439d99b0 .event anyedge, v000002c5439d7680_0, v000002c543716c30_0, v000002c54371ce30_0;
L_000002c54371bea0 .cmp/eq 32, v000002c54371ced0_0, L_000002c543a3a858;
    .scope S_000002c54371cca0;
T_0 ;
    %wait E_000002c5439d99b0;
    %load/vec4 v000002c5439d7680_0;
    %dup/vec4;
    %pushi/vec4 2, 0, 4;
    %cmp/u;
    %jmp/1 T_0.0, 6;
    %dup/vec4;
    %pushi/vec4 6, 0, 4;
    %cmp/u;
    %jmp/1 T_0.1, 6;
    %dup/vec4;
    %pushi/vec4 0, 0, 4;
    %cmp/u;
    %jmp/1 T_0.2, 6;
    %dup/vec4;
    %pushi/vec4 1, 0, 4;
    %cmp/u;
    %jmp/1 T_0.3, 6;
    %pushi/vec4 0, 0, 32;
    %store/vec4 v000002c54371ced0_0, 0, 32;
    %jmp T_0.5;
T_0.0 ;
    %load/vec4 v000002c543716c30_0;
    %load/vec4 v000002c54371ce30_0;
    %add;
    %store/vec4 v000002c54371ced0_0, 0, 32;
    %jmp T_0.5;
T_0.1 ;
    %load/vec4 v000002c543716c30_0;
    %load/vec4 v000002c54371ce30_0;
    %sub;
    %store/vec4 v000002c54371ced0_0, 0, 32;
    %jmp T_0.5;
T_0.2 ;
    %load/vec4 v000002c543716c30_0;
    %load/vec4 v000002c54371ce30_0;
    %and;
    %store/vec4 v000002c54371ced0_0, 0, 32;
    %jmp T_0.5;
T_0.3 ;
    %load/vec4 v000002c543716c30_0;
    %load/vec4 v000002c54371ce30_0;
    %or;
    %store/vec4 v000002c54371ced0_0, 0, 32;
    %jmp T_0.5;
T_0.5 ;
    %pop/vec4 1;
    %jmp T_0;
    .thread T_0, $push;
    .scope S_000002c54371cb10;
T_1 ;
    %vpi_call 2 23 "$monitor", "Time = %0t | A = %h | B = %h | ALUControl = %b | Result = %h | Zero = %b", $time, v000002c54371bb80_0, v000002c54371bcc0_0, v000002c54371bc20_0, v000002c54371bd60_0, v000002c54371be00_0 {0 0 0};
    %pushi/vec4 16, 0, 32;
    %store/vec4 v000002c54371bb80_0, 0, 32;
    %pushi/vec4 32, 0, 32;
    %store/vec4 v000002c54371bcc0_0, 0, 32;
    %pushi/vec4 2, 0, 4;
    %store/vec4 v000002c54371bc20_0, 0, 4;
    %delay 10000, 0;
    %pushi/vec4 48, 0, 32;
    %store/vec4 v000002c54371bb80_0, 0, 32;
    %pushi/vec4 16, 0, 32;
    %store/vec4 v000002c54371bcc0_0, 0, 32;
    %pushi/vec4 6, 0, 4;
    %store/vec4 v000002c54371bc20_0, 0, 4;
    %delay 10000, 0;
    %pushi/vec4 4042322160, 0, 32;
    %store/vec4 v000002c54371bb80_0, 0, 32;
    %pushi/vec4 252645135, 0, 32;
    %store/vec4 v000002c54371bcc0_0, 0, 32;
    %pushi/vec4 0, 0, 4;
    %store/vec4 v000002c54371bc20_0, 0, 4;
    %delay 10000, 0;
    %pushi/vec4 4042322160, 0, 32;
    %store/vec4 v000002c54371bb80_0, 0, 32;
    %pushi/vec4 252645135, 0, 32;
    %store/vec4 v000002c54371bcc0_0, 0, 32;
    %pushi/vec4 1, 0, 4;
    %store/vec4 v000002c54371bc20_0, 0, 4;
    %delay 10000, 0;
    %pushi/vec4 305419896, 0, 32;
    %store/vec4 v000002c54371bb80_0, 0, 32;
    %pushi/vec4 305419896, 0, 32;
    %store/vec4 v000002c54371bcc0_0, 0, 32;
    %pushi/vec4 6, 0, 4;
    %store/vec4 v000002c54371bc20_0, 0, 4;
    %delay 10000, 0;
    %pushi/vec4 1, 0, 32;
    %store/vec4 v000002c54371bb80_0, 0, 32;
    %pushi/vec4 1, 0, 32;
    %store/vec4 v000002c54371bcc0_0, 0, 32;
    %pushi/vec4 15, 0, 4;
    %store/vec4 v000002c54371bc20_0, 0, 4;
    %delay 10000, 0;
    %delay 50000, 0;
    %vpi_call 2 64 "$stop" {0 0 0};
    %end;
    .thread T_1;
# The file index is used to find the file name in the following table.
:file_names 4;
    "N/A";
    "<interactive>";
    "ALU_tb.v";
    "ALU.v";
