#! /c/Source/iverilog-install/bin/vvp
:ivl_version "12.0 (devel)" "(s20150603-1539-g2693dd32b)";
:ivl_delay_selection "TYPICAL";
:vpi_time_precision - 12;
:vpi_module "C:\iverilog\lib\ivl\system.vpi";
:vpi_module "C:\iverilog\lib\ivl\vhdl_sys.vpi";
:vpi_module "C:\iverilog\lib\ivl\vhdl_textio.vpi";
:vpi_module "C:\iverilog\lib\ivl\v2005_math.vpi";
:vpi_module "C:\iverilog\lib\ivl\va_math.vpi";
S_000002bb4b41bdd0 .scope module, "InstructionFetch_tb" "InstructionFetch_tb" 2 3;
 .timescale -9 -12;
v000002bb4b465e20_0 .var "clk", 0 0;
v000002bb4b465ec0_0 .var "next_pc", 31 0;
v000002bb4b454630_0 .net "pc", 31 0, v000002bb4b465ce0_0;  1 drivers
v000002bb4b4546d0_0 .var "reset", 0 0;
S_000002bb4b465b50 .scope module, "IF" "InstructionFetch" 2 14, 3 1 0, S_000002bb4b41bdd0;
 .timescale 0 0;
    .port_info 0 /INPUT 1 "clk";
    .port_info 1 /INPUT 1 "reset";
    .port_info 2 /INPUT 32 "next_pc";
    .port_info 3 /OUTPUT 32 "pc";
v000002bb4b416ae0_0 .net "clk", 0 0, v000002bb4b465e20_0;  1 drivers
v000002bb4b416880_0 .net "next_pc", 31 0, v000002bb4b465ec0_0;  1 drivers
v000002bb4b465ce0_0 .var "pc", 31 0;
v000002bb4b465d80_0 .net "reset", 0 0, v000002bb4b4546d0_0;  1 drivers
E_000002bb4b455ee0 .event posedge, v000002bb4b465d80_0, v000002bb4b416ae0_0;
    .scope S_000002bb4b465b50;
T_0 ;
    %wait E_000002bb4b455ee0;
    %load/vec4 v000002bb4b465d80_0;
    %flag_set/vec4 8;
    %jmp/0xz  T_0.0, 8;
    %pushi/vec4 0, 0, 32;
    %assign/vec4 v000002bb4b465ce0_0, 0;
    %jmp T_0.1;
T_0.0 ;
    %load/vec4 v000002bb4b416880_0;
    %assign/vec4 v000002bb4b465ce0_0, 0;
T_0.1 ;
    %jmp T_0;
    .thread T_0;
    .scope S_000002bb4b41bdd0;
T_1 ;
    %pushi/vec4 0, 0, 1;
    %store/vec4 v000002bb4b465e20_0, 0, 1;
T_1.0 ;
    %delay 5000, 0;
    %load/vec4 v000002bb4b465e20_0;
    %inv;
    %store/vec4 v000002bb4b465e20_0, 0, 1;
    %jmp T_1.0;
    %end;
    .thread T_1;
    .scope S_000002bb4b41bdd0;
T_2 ;
    %vpi_call 2 30 "$monitor", "Time = %0t | Reset = %b | Next PC = %h | PC = %h", $time, v000002bb4b4546d0_0, v000002bb4b465ec0_0, v000002bb4b454630_0 {0 0 0};
    %pushi/vec4 1, 0, 1;
    %store/vec4 v000002bb4b4546d0_0, 0, 1;
    %pushi/vec4 0, 0, 32;
    %store/vec4 v000002bb4b465ec0_0, 0, 32;
    %delay 10000, 0;
    %pushi/vec4 0, 0, 1;
    %store/vec4 v000002bb4b4546d0_0, 0, 1;
    %delay 10000, 0;
    %pushi/vec4 4, 0, 32;
    %store/vec4 v000002bb4b465ec0_0, 0, 32;
    %delay 10000, 0;
    %pushi/vec4 8, 0, 32;
    %store/vec4 v000002bb4b465ec0_0, 0, 32;
    %delay 10000, 0;
    %pushi/vec4 12, 0, 32;
    %store/vec4 v000002bb4b465ec0_0, 0, 32;
    %delay 10000, 0;
    %pushi/vec4 1, 0, 1;
    %store/vec4 v000002bb4b4546d0_0, 0, 1;
    %delay 10000, 0;
    %pushi/vec4 0, 0, 1;
    %store/vec4 v000002bb4b4546d0_0, 0, 1;
    %delay 10000, 0;
    %pushi/vec4 256, 0, 32;
    %store/vec4 v000002bb4b465ec0_0, 0, 32;
    %delay 10000, 0;
    %delay 100000, 0;
    %vpi_call 2 61 "$stop" {0 0 0};
    %end;
    .thread T_2;
# The file index is used to find the file name in the following table.
:file_names 4;
    "N/A";
    "<interactive>";
    "InstructionFetch_tb.v";
    "InstructionFetch.v";
