#! /c/Source/iverilog-install/bin/vvp
:ivl_version "12.0 (devel)" "(s20150603-1539-g2693dd32b)";
:ivl_delay_selection "TYPICAL";
:vpi_time_precision - 12;
:vpi_module "C:\iverilog\lib\ivl\system.vpi";
:vpi_module "C:\iverilog\lib\ivl\vhdl_sys.vpi";
:vpi_module "C:\iverilog\lib\ivl\vhdl_textio.vpi";
:vpi_module "C:\iverilog\lib\ivl\v2005_math.vpi";
:vpi_module "C:\iverilog\lib\ivl\va_math.vpi";
S_000001c13f8d66d0 .scope module, "InstructionDecode_tb" "InstructionDecode_tb" 2 3;
 .timescale -9 -12;
v000001c13f8c4ee0_0 .var "instruction", 31 0;
v000001c13f8d69f0_0 .net "opcode", 6 0, v000001c13f9e6840_0;  1 drivers
v000001c13f8d6a90_0 .net "rd", 4 0, v000001c13f9ebe60_0;  1 drivers
v000001c13f8d3990_0 .net "rs1", 4 0, v000001c13f9ebf00_0;  1 drivers
v000001c13f8d4240_0 .net "rs2", 4 0, v000001c13f8c4e40_0;  1 drivers
S_000001c13f8d6860 .scope module, "ID" "InstructionDecode" 2 13, 3 1 0, S_000001c13f8d66d0;
 .timescale 0 0;
    .port_info 0 /INPUT 32 "instruction";
    .port_info 1 /OUTPUT 5 "rs1";
    .port_info 2 /OUTPUT 5 "rs2";
    .port_info 3 /OUTPUT 5 "rd";
    .port_info 4 /OUTPUT 7 "opcode";
v000001c13f9e6c50_0 .net "instruction", 31 0, v000001c13f8c4ee0_0;  1 drivers
v000001c13f9e6840_0 .var "opcode", 6 0;
v000001c13f9ebe60_0 .var "rd", 4 0;
v000001c13f9ebf00_0 .var "rs1", 4 0;
v000001c13f8c4e40_0 .var "rs2", 4 0;
E_000001c13f9e8ba0 .event anyedge, v000001c13f9e6c50_0;
    .scope S_000001c13f8d6860;
T_0 ;
    %wait E_000001c13f9e8ba0;
    %load/vec4 v000001c13f9e6c50_0;
    %parti/s 7, 0, 2;
    %store/vec4 v000001c13f9e6840_0, 0, 7;
    %load/vec4 v000001c13f9e6c50_0;
    %parti/s 5, 7, 4;
    %store/vec4 v000001c13f9ebe60_0, 0, 5;
    %load/vec4 v000001c13f9e6c50_0;
    %parti/s 5, 15, 5;
    %store/vec4 v000001c13f9ebf00_0, 0, 5;
    %load/vec4 v000001c13f9e6c50_0;
    %parti/s 5, 20, 6;
    %store/vec4 v000001c13f8c4e40_0, 0, 5;
    %jmp T_0;
    .thread T_0, $push;
    .scope S_000001c13f8d66d0;
T_1 ;
    %vpi_call 2 24 "$monitor", "Time = %0t | Instruction = %h | Opcode = %b | rs1 = %b | rs2 = %b | rd = %b", $time, v000001c13f8c4ee0_0, v000001c13f8d69f0_0, v000001c13f8d3990_0, v000001c13f8d4240_0, v000001c13f8d6a90_0 {0 0 0};
    %pushi/vec4 10977971, 0, 32;
    %store/vec4 v000001c13f8c4ee0_0, 0, 32;
    %delay 10000, 0;
    %pushi/vec4 4271932051, 0, 32;
    %store/vec4 v000001c13f8c4ee0_0, 0, 32;
    %delay 10000, 0;
    %pushi/vec4 10527363, 0, 32;
    %store/vec4 v000001c13f8c4ee0_0, 0, 32;
    %delay 10000, 0;
    %pushi/vec4 10650291, 0, 32;
    %store/vec4 v000001c13f8c4ee0_0, 0, 32;
    %delay 10000, 0;
    %pushi/vec4 1048751, 0, 32;
    %store/vec4 v000001c13f8c4ee0_0, 0, 32;
    %delay 10000, 0;
    %delay 50000, 0;
    %vpi_call 2 49 "$stop" {0 0 0};
    %end;
    .thread T_1;
# The file index is used to find the file name in the following table.
:file_names 4;
    "N/A";
    "<interactive>";
    "InstructionDecode_tb.v";
    "InstructionDecode.v";
